<?xml version="1.0" encoding="UTF-8"?>
<!-- Generated by org.testng.reporters.JUnitXMLReporter -->
<testsuite ignored="0" hostname="DESKTOP-3ERTKGE" failures="1" tests="1" name="Test(failed)" time="16.994" errors="0" timestamp="2025-07-12T13:21:08 IST">
  <testcase classname="testcases.TC02_Login" name="setup" time="10.826">
    <failure type="java.lang.AssertionError" message="null">
      <![CDATA[java.lang.AssertionError: null
at testcases.TC02_Login.setup(TC02_Login.java:38)
at java.base/java.util.ArrayList.forEach(ArrayList.java:1596)
... Removed 27 stack frames]]>
    </failure>
  </testcase> <!-- setup -->
</testsuite> <!-- Test(failed) -->
